
### BEGIN BACKUP REPORT 2016_10_26 09:20:16 ###
Machine	Unix time	Readable time	Last modified directory	Status

max-test	1477322021	Oct 24 10:13:41 2016	.backup	OK
hc-206d	1477322056	Oct 24 10:14:16 2016	.backup	OK
hc-asmussen	1477322228	Oct 24 10:17:08 2016	.backup	OK
hc-brown	1477322412	Oct 24 10:20:12 2016	.backup	OK
hc-brunt	1477322439	Oct 24 10:20:39 2016	.backup	OK
hc-cremins	1477322644	Oct 24 10:24:04 2016	.backup	OK
hc-dash5	1477322730	Oct 24 10:25:30 2016	.backup	OK
hc-lamson	1477322963	Oct 24 10:29:23 2016	.backup	OK
hc-fletcher	1477322992	Oct 24 10:29:52 2016	.backup	OK
hc-fmp	1477323214	Oct 24 10:33:34 2016	.backup	OK
hc-harvey	1477323433	Oct 24 10:37:13 2016	.backup	OK
hc-drainbow	1477323800	Oct 24 10:43:20 2016	.backup	OK
hc-leveaux	1477323927	Oct 24 10:45:27 2016	.backup	OK
hc-lindner	1477324958	Oct 24 11:02:38 2016	.backup	OK
hc-lyke	1477325003	Oct 24 11:03:23 2016	.backup	OK
hc-morrisson	1477325028	Oct 24 11:03:48 2016	.backup	OK
hc-myrick	1477325950	Oct 24 11:19:10 2016	.backup	OK
hc-price	1477327139	Oct 24 11:38:59 2016	.backup	OK
hc-rios	1477327359	Oct 24 11:42:39 2016	.backup	OK
hc-sirrieh	1477327583	Oct 24 11:46:23 2016	.backup	OK
hc-valier	1477327855	Oct 24 11:50:55 2016	.backup	OK
hc-weber	1477328517	Oct 24 12:01:57 2016	.backup	OK
hc-206C	1477328794	Oct 24 12:06:34 2016	.backup	OK
hc-IT	1477329838	Oct 24 12:23:58 2016	.backup	OK
hc-it-laptop	1477329984	Oct 24 12:26:24 2016	.backup	OK
hc-zecher	1477330007	Oct 24 12:26:47 2016	.backup	OK
hc-maya	1477330075	Oct 24 12:27:55 2016	.backup	OK
hc-keen	1477330350	Oct 24 12:32:30 2016	.backup	OK
hc-hennessy	1477330406	Oct 24 12:33:26 2016	.backup	OK
Dean-Monroes-iMac	1477333742	Oct 24 13:29:02 2016	.backup	OK

 0 /       30
### END BACKUP REPORT 09:20:18 ###

### BEGIN BACKUP REPORT 2016_10_26 09:25:46 ###
Machine	Unix time	Readable time	Last modified directory	Status

max-test	1477322021	Oct 24 10:13:41 2016	.backup	OK
hc-206d	1477322056	Oct 24 10:14:16 2016	.backup	OK
hc-asmussen	1477322228	Oct 24 10:17:08 2016	.backup	OK
hc-brown	1477322412	Oct 24 10:20:12 2016	.backup	OK
hc-brunt	1477322439	Oct 24 10:20:39 2016	.backup	OK
hc-cremins	1477322644	Oct 24 10:24:04 2016	.backup	OK
hc-dash5	1477322730	Oct 24 10:25:30 2016	.backup	OK
hc-lamson	1477322963	Oct 24 10:29:23 2016	.backup	OK
hc-fletcher	1477322992	Oct 24 10:29:52 2016	.backup	OK
hc-fmp	1477323214	Oct 24 10:33:34 2016	.backup	OK
hc-harvey	1477323433	Oct 24 10:37:13 2016	.backup	OK
hc-drainbow	1477323800	Oct 24 10:43:20 2016	.backup	OK
hc-leveaux	1477323927	Oct 24 10:45:27 2016	.backup	OK
hc-lindner	1477324958	Oct 24 11:02:38 2016	.backup	OK
hc-lyke	1477325003	Oct 24 11:03:23 2016	.backup	OK
hc-morrisson	1477325028	Oct 24 11:03:48 2016	.backup	OK
hc-myrick	1477325950	Oct 24 11:19:10 2016	.backup	OK
hc-price	1477327139	Oct 24 11:38:59 2016	.backup	OK
hc-rios	1477327359	Oct 24 11:42:39 2016	.backup	OK
hc-sirrieh	1477327583	Oct 24 11:46:23 2016	.backup	OK
hc-valier	1477327855	Oct 24 11:50:55 2016	.backup	OK
hc-weber	1477328517	Oct 24 12:01:57 2016	.backup	OK
hc-206C	1477328794	Oct 24 12:06:34 2016	.backup	OK
hc-IT	1477329838	Oct 24 12:23:58 2016	.backup	OK
hc-it-laptop	1477329984	Oct 24 12:26:24 2016	.backup	OK
hc-zecher	1477330007	Oct 24 12:26:47 2016	.backup	OK
hc-maya	1477330075	Oct 24 12:27:55 2016	.backup	OK
hc-keen	1477330350	Oct 24 12:32:30 2016	.backup	OK
hc-hennessy	1477330406	Oct 24 12:33:26 2016	.backup	OK
Dean-Monroes-iMac	1477333742	Oct 24 13:29:02 2016	.backup	OK

 0 /       30
### END BACKUP REPORT 09:25:48 ###

### BEGIN BACKUP REPORT 2016_10_26 09:35:52 ###
Machine	Unix time	Readable time	Last modified directory	Status

max-test	1477322021	Oct 24 10:13:41 2016	.backup	OK
hc-206d	1477322056	Oct 24 10:14:16 2016	.backup	OK
hc-asmussen	1477322228	Oct 24 10:17:08 2016	.backup	OK
hc-brown	1477322412	Oct 24 10:20:12 2016	.backup	OK
hc-brunt	1477322439	Oct 24 10:20:39 2016	.backup	OK
hc-cremins	1477322644	Oct 24 10:24:04 2016	.backup	OK
hc-dash5	1477322730	Oct 24 10:25:30 2016	.backup	OK
hc-lamson	1477322963	Oct 24 10:29:23 2016	.backup	OK
hc-fletcher	1477322992	Oct 24 10:29:52 2016	.backup	OK
hc-fmp	1477323214	Oct 24 10:33:34 2016	.backup	OK
hc-harvey	1477323433	Oct 24 10:37:13 2016	.backup	OK
hc-drainbow	1477323800	Oct 24 10:43:20 2016	.backup	OK
hc-leveaux	1477323927	Oct 24 10:45:27 2016	.backup	OK
hc-lindner	1477324958	Oct 24 11:02:38 2016	.backup	OK
hc-lyke	1477325003	Oct 24 11:03:23 2016	.backup	OK
hc-morrisson	1477325028	Oct 24 11:03:48 2016	.backup	OK
hc-myrick	1477325950	Oct 24 11:19:10 2016	.backup	OK
hc-price	1477327139	Oct 24 11:38:59 2016	.backup	OK
hc-rios	1477327359	Oct 24 11:42:39 2016	.backup	OK
hc-sirrieh	1477327583	Oct 24 11:46:23 2016	.backup	OK
hc-valier	1477327855	Oct 24 11:50:55 2016	.backup	OK
hc-weber	1477328517	Oct 24 12:01:57 2016	.backup	OK
hc-206C	1477328794	Oct 24 12:06:34 2016	.backup	OK
hc-IT	1477329838	Oct 24 12:23:58 2016	.backup	OK
hc-it-laptop	1477329984	Oct 24 12:26:24 2016	.backup	OK
hc-zecher	1477330007	Oct 24 12:26:47 2016	.backup	OK
hc-maya	1477330075	Oct 24 12:27:55 2016	.backup	OK
hc-keen	1477330350	Oct 24 12:32:30 2016	.backup	OK
hc-hennessy	1477330406	Oct 24 12:33:26 2016	.backup	OK
Dean-Monroes-iMac	1477333742	Oct 24 13:29:02 2016	.backup	OK

 0 /       30 machines are OK
### END BACKUP REPORT 09:35:54 ###

### BEGIN BACKUP REPORT 2016_10_26 09:41:21 ###
Machine	Unix time	Readable time	Last modified directory	Status

max-test	1477322021	Oct 24 10:13:41 2016	.backup	OK
hc-206d	1477322056	Oct 24 10:14:16 2016	.backup	OK
hc-asmussen	1477322228	Oct 24 10:17:08 2016	.backup	OK
hc-brown	1477322412	Oct 24 10:20:12 2016	.backup	OK
hc-brunt	1477322439	Oct 24 10:20:39 2016	.backup	OK
hc-cremins	1477322644	Oct 24 10:24:04 2016	.backup	OK
hc-dash5	1477322730	Oct 24 10:25:30 2016	.backup	OK
hc-lamson	1477322963	Oct 24 10:29:23 2016	.backup	OK
hc-fletcher	1477322992	Oct 24 10:29:52 2016	.backup	OK
hc-fmp	1477323214	Oct 24 10:33:34 2016	.backup	OK
hc-harvey	1477323433	Oct 24 10:37:13 2016	.backup	OK
hc-drainbow	1477323800	Oct 24 10:43:20 2016	.backup	OK
hc-leveaux	1477323927	Oct 24 10:45:27 2016	.backup	OK
hc-lindner	1477324958	Oct 24 11:02:38 2016	.backup	OK
hc-lyke	1477325003	Oct 24 11:03:23 2016	.backup	OK
hc-morrisson	1477325028	Oct 24 11:03:48 2016	.backup	OK
hc-myrick	1477325950	Oct 24 11:19:10 2016	.backup	OK
hc-price	1477327139	Oct 24 11:38:59 2016	.backup	OK
hc-rios	1477327359	Oct 24 11:42:39 2016	.backup	OK
hc-sirrieh	1477327583	Oct 24 11:46:23 2016	.backup	OK
hc-valier	1477327855	Oct 24 11:50:55 2016	.backup	OK
hc-weber	1477328517	Oct 24 12:01:57 2016	.backup	OK
hc-206C	1477328794	Oct 24 12:06:34 2016	.backup	OK
hc-IT	1477329838	Oct 24 12:23:58 2016	.backup	OK
hc-it-laptop	1477329984	Oct 24 12:26:24 2016	.backup	OK
hc-zecher	1477330007	Oct 24 12:26:47 2016	.backup	OK
hc-maya	1477330075	Oct 24 12:27:55 2016	.backup	OK
hc-keen	1477330350	Oct 24 12:32:30 2016	.backup	OK
hc-hennessy	1477330406	Oct 24 12:33:26 2016	.backup	OK
Dean-Monroes-iMac	1477333742	Oct 24 13:29:02 2016	.backup	OK

 0 / 30 machines are OK
### END BACKUP REPORT 09:41:23 ###
